Removed Pin From Net: NetName=NetR44_2 Pin=U4-1
Removed Pin From Net: NetName=NetC32_2 Pin=U4-2
Removed Pin From Net: NetName=NetR44_2 Pin=U4-3
Removed Pin From Net: NetName=V+ Pin=U4-4
Removed Pin From Net: NetName=NetR18_2 Pin=U4-5
Removed Pin From Net: NetName=NetR19_2 Pin=U4-6
Removed Pin From Net: NetName=NetR20_2 Pin=U4-7
Added Pin To Net: NetName=GND Pin=U3-7
Added Pin To Net: NetName=GND Pin=U3-8
Added Pin To Net: NetName=GND Pin=U3-9
Added Pin To Net: NetName=GND Pin=U3-10
Added Pin To Net: NetName=VOL_UP Pin=U3-23
Added Pin To Net: NetName=VOL_DOWN Pin=U3-24
Added Pin To Net: NetName=FORWARD Pin=U3-25
Added Pin To Net: NetName=BACK Pin=U3-26
Added Pin To Net: NetName=RED_LED Pin=U3-37
Added Pin To Net: NetName=BC127_NRST Pin=U3-44
Added Pin To Net: NetName=PLAY/PAUSE Pin=U3-50
Added Pin To Net: NetName=LINK Pin=U3-51
Added Pin To Net: NetName=NetR44_2 Pin=U4-1
Added Pin To Net: NetName=NetC32_2 Pin=U4-2
Added Pin To Net: NetName=NetR44_2 Pin=U4-3
Added Pin To Net: NetName=V+ Pin=U4-4
Added Pin To Net: NetName=NetC30_2 Pin=U4-5
Added Pin To Net: NetName=NetC31_1 Pin=U4-6
Added Pin To Net: NetName=NetC31_1 Pin=U4-7
Added Pin To Net: NetName=NetR20_2 Pin=U4-8
Added Pin To Net: NetName=NetR19_2 Pin=U4-9
Added Pin To Net: NetName=NetR18_2 Pin=U4-10
Added Pin To Net: NetName=GND Pin=U4-11
