Removed Pin From Net: NetName=OUT_LOW_P Pin=J6-1
Removed Pin From Net: NetName=OUT_LOW_N Pin=J6-2
Removed Pin From Net: NetName=OUT_HIGH_P Pin=J6-3
Removed Pin From Net: NetName=OUT_HIGH_N Pin=J6-4
Added Component: Designator=C1(CAPC1608X09N)
Added Component: Designator=C2(CAPC1608X09N)
Added Component: Designator=C3(CAPMP3216X18N)
Added Component: Designator=C4(Nichicon UVZ 5mm)
Added Component: Designator=C5(CAPC1608X09N)
Added Component: Designator=C6(CAPC1608X09N)
Added Component: Designator=C7(CAPMP3216X18N)
Added Component: Designator=C8(CAPC1608X09N)
Added Component: Designator=C9(CAPC1608X09N)
Added Component: Designator=C10(CAPC1608X09N)
Added Component: Designator=C11(CAPC1608X09N)
Added Component: Designator=C12(CAPC1608X09N)
Added Component: Designator=C13(CAP Radial 5mm)
Added Component: Designator=C14(CAPC1608X09N)
Added Component: Designator=C15(CAPC1608X09N)
Added Component: Designator=C16(CAPC1608X09N)
Added Component: Designator=C17(CAPC1608X09N)
Added Component: Designator=C18(CAPC1608X09N)
Added Component: Designator=C19(CAPC1608X09N)
Added Component: Designator=C20(CAPC1608X09N)
Added Component: Designator=C21(CAPC1608X09N)
Added Component: Designator=C22(CAPC3216X18N)
Added Component: Designator=C23(CAPC3216X18N)
Added Component: Designator=C24(CAPC3216X18N)
Added Component: Designator=C25(CAPC3216X18N)
Added Component: Designator=C26(CAPC3216X18N)
Added Component: Designator=C27(CAP Radial 5mm)
Added Component: Designator=C28(CAP Radial 5mm)
Added Component: Designator=C29(CAPC1608X09N)
Added Component: Designator=C30(CAPC1608X09N)
Added Component: Designator=C31(CAPC1608X09N)
Added Component: Designator=C32(CAPC1608X09N)
Added Component: Designator=C33(CAP Radial 7.5MM)
Added Component: Designator=C34(CAP Radial 7.5MM)
Added Component: Designator=C35(CAP Radial 7.5MM)
Added Component: Designator=C36(CAP Radial 7.5MM)
Added Component: Designator=C37(CAPC1608X09N)
Added Component: Designator=C38(CAPC1608X09N)
Added Component: Designator=C39(CAPC1608X09N)
Added Component: Designator=C40(CAPC1608X09N)
Added Component: Designator=C41(CAP_EEFK_D)
Added Component: Designator=C42(CAP_EEFK_D)
Added Component: Designator=C43(CAPC1608X09N)
Added Component: Designator=C44(CAPC1608X09N)
Added Component: Designator=C45(CAPC1608X09N)
Added Component: Designator=C46(CAP_EEFK_D)
Added Component: Designator=C47(CAP_EEFK_D)
Added Component: Designator=C48(CAPC1608X09N)
Added Component: Designator=C49(CAPC1608X09N)
Added Component: Designator=C50(CAPC1608X09N)
Added Component: Designator=C51(CAPC1608X09N)
Added Component: Designator=C52(CAPC1608X09N)
Added Component: Designator=C53(CAPC1608X09N)
Added Component: Designator=C54(CAPC1608X09N)
Added Component: Designator=C55(CAPC1608X09N)
Added Component: Designator=C56(CAP Radial 5mm)
Added Component: Designator=C57(CAP Radial 5mm)
Added Component: Designator=C58(CAP Radial 5mm)
Added Component: Designator=C59(CAP Radial 5mm)
Added Component: Designator=C60(CAPC1608X09N)
Added Component: Designator=C61(CAPC1608X09N)
Added Component: Designator=C62(CAPC1608X09N)
Added Component: Designator=C63(CAPC1608X09N)
Added Component: Designator=D1(DIOM1608X08N)
Added Component: Designator=J1(TERMINAL BLOCK 5MM 2POS)
Added Component: Designator=J2(JST PH-6)
Added Component: Designator=J3(JST PH-6)
Added Component: Designator=J4(70543-0002)
Added Component: Designator=J5(TERMINAL BLOCK 5MM 4POS)
Added Component: Designator=JP1(3 Position 2.54MM Thru-Hole)
Added Component: Designator=JP2(3 Position 2.54MM Thru-Hole)
Added Component: Designator=L1(IND_BOURNS_SRN10)
Added Component: Designator=L2(IND_BOURNS_SRN10)
Added Component: Designator=L3(IND_BOURNS_SRN10)
Added Component: Designator=L4(IND_BOURNS_SRN10)
Added Component: Designator=Q1(DPAK229P991X239-3N)
Added Component: Designator=R1(RESC1608X06N)
Added Component: Designator=R2(RESC1608X06N)
Added Component: Designator=R3(RESC1608X06N)
Added Component: Designator=R4(RESC1608X06N)
Added Component: Designator=R5(RESC1608X06N)
Added Component: Designator=R6(RESC1608X06N)
Added Component: Designator=R7(RESC1608X06N)
Added Component: Designator=R8(RESC1608X06N)
Added Component: Designator=R9(RESC1608X06N)
Added Component: Designator=R10(RESC1608X06N)
Added Component: Designator=R11(RESC1608X06N)
Added Component: Designator=R12(RESC1608X06N)
Added Component: Designator=R13(RESC1608X06N)
Added Component: Designator=R14(RESC1608X06N)
Added Component: Designator=R15(RESC1608X06N)
Added Component: Designator=R16(RESC1608X06N)
Added Component: Designator=R17(RESC1608X06N)
Added Component: Designator=R18(RESC1608X06N)
Added Component: Designator=R19(RESC1608X06N)
Added Component: Designator=R20(RESC1608X06N)
Added Component: Designator=R21(RESC1608X06N)
Added Component: Designator=R22(RESC1608X06N)
Added Component: Designator=R23(RESC1608X06N)
Added Component: Designator=R24(RESC1608X06N)
Added Component: Designator=R25(RESC1608X06N)
Added Component: Designator=R26(RESC1608X06N)
Added Component: Designator=R27(RESC1608X06N)
Added Component: Designator=R28(RESC1608X06N)
Added Component: Designator=R29(RESC1608X06N)
Added Component: Designator=R30(RESC1608X06N)
Added Component: Designator=R31(RESC1608X06N)
Added Component: Designator=R32(RESC1608X06N)
Added Component: Designator=R33(RESC1608X06N)
Added Component: Designator=R34(RESC1608X06N)
Added Component: Designator=R35(RESC1608X06N)
Added Component: Designator=R36(RESC1608X06N)
Added Component: Designator=R37(RESC1608X06N)
Added Component: Designator=R38(RESC1608X06N)
Added Component: Designator=R39(RESC1608X06N)
Added Component: Designator=R40(RESC1608X06N)
Added Component: Designator=R41(RESC1608X06N)
Added Component: Designator=R42(RESC1608X06N)
Added Component: Designator=R43(RESC1608X06N)
Added Component: Designator=R44(RESC1608X06N)
Added Component: Designator=R45(RESC1608X06N)
Added Component: Designator=R46(RESC1608X06N)
Added Component: Designator=R47(RESC1608X06N)
Added Component: Designator=R48(RESC1608X06N)
Added Component: Designator=R49(RESC1608X06N)
Added Component: Designator=R50(RESC1608X06N)
Added Component: Designator=R51(RESC1608X06N)
Added Component: Designator=R52(RESC1608X06N)
Added Component: Designator=R53(RESC1608X06N)
Added Component: Designator=R54(RESC1608X06N)
Added Component: Designator=R55(RESC2012X06N)
Added Component: Designator=R56(RESC2012X06N)
Added Component: Designator=R57(RESC2012X06N)
Added Component: Designator=R58(RESC2012X06N)
Added Component: Designator=R59(RESC1608X06N)
Added Component: Designator=R60(RESC1608X06N)
Added Component: Designator=R61(RESC1608X06N)
Added Component: Designator=R62(RESC1608X06N)
Added Component: Designator=S1(70543-0002)
Added Component: Designator=U2(SOT127P705X180-6M (DCQ))
Added Component: Designator=U3(BC127 - No Keepout)
Added Component: Designator=U4(SOIC127P600X175-14N)
Added Component: Designator=U5(SOIC127P600X175-14N)
Added Component: Designator=U6(DAP0032A)
Added Component: Designator=VR1(JST PH-4)
Added Component: Designator=VR2(JST PH-4)
Added Pin To Net: NetName=GND Pin=C1-2
Added Pin To Net: NetName=GND Pin=C2-1
Added Pin To Net: NetName=3V3 Pin=C3-1
Added Pin To Net: NetName=GND Pin=C3-2
Added Pin To Net: NetName=GND Pin=C4-2
Added Pin To Net: NetName=GND Pin=C5-2
Added Pin To Net: NetName=GND Pin=C6-1
Added Pin To Net: NetName=GND Pin=C7-2
Added Pin To Net: NetName=GND Pin=C8-1
Added Pin To Net: NetName=3V3 Pin=C8-2
Added Pin To Net: NetName=GND Pin=C9-1
Added Pin To Net: NetName=GND Pin=C10-1
Added Pin To Net: NetName=VSUPPLY Pin=C10-2
Added Pin To Net: NetName=GND Pin=C11-1
Added Pin To Net: NetName=VSUPPLY Pin=C11-2
Added Pin To Net: NetName=VSUPPLY Pin=C12-1
Added Pin To Net: NetName=GND Pin=C12-2
Added Pin To Net: NetName=GND Pin=C14-1
Added Pin To Net: NetName=CROSSOVER_IN Pin=C14-2
Added Pin To Net: NetName=GND Pin=C15-1
Added Pin To Net: NetName=VSUPPLY Pin=C15-2
Added Pin To Net: NetName=GND Pin=C16-1
Added Pin To Net: NetName=VSUPPLY Pin=C16-2
Added Pin To Net: NetName=VSUPPLY Pin=C17-1
Added Pin To Net: NetName=GND Pin=C17-2
Added Pin To Net: NetName=NetC19_2 Pin=C19-2
Added Pin To Net: NetName=GND Pin=C20-1
Added Pin To Net: NetName=NetC20_2 Pin=C20-2
Added Pin To Net: NetName=GND Pin=C21-1
Added Pin To Net: NetName=NetC22_1 Pin=C22-1
Added Pin To Net: NetName=NetC22_2 Pin=C22-2
Added Pin To Net: NetName=NetC23_1 Pin=C23-1
Added Pin To Net: NetName=GND Pin=C23-2
Added Pin To Net: NetName=NetC24_1 Pin=C24-1
Added Pin To Net: NetName=NetC24_2 Pin=C24-2
Added Pin To Net: NetName=NetC25_2 Pin=C25-2
Added Pin To Net: NetName=NetC25_2 Pin=C26-1
Added Pin To Net: NetName=GND Pin=C28-1
Added Pin To Net: NetName=CROSSOVER_IN Pin=C29-1
Added Pin To Net: NetName=NetC29_2 Pin=C29-2
Added Pin To Net: NetName=NetC29_2 Pin=C30-1
Added Pin To Net: NetName=NetC30_2 Pin=C30-2
Added Pin To Net: NetName=NetC31_2 Pin=C31-2
Added Pin To Net: NetName=NetC31_2 Pin=C32-1
Added Pin To Net: NetName=NetC32_2 Pin=C32-2
Added Pin To Net: NetName=GND Pin=C34-1
Added Pin To Net: NetName=GND Pin=C36-1
Added Pin To Net: NetName=GND Pin=C37-1
Added Pin To Net: NetName=GND Pin=C38-2
Added Pin To Net: NetName=GND Pin=C39-1
Added Pin To Net: NetName=VSUPPLY Pin=C39-2
Added Pin To Net: NetName=GND Pin=C40-1
Added Pin To Net: NetName=VSUPPLY Pin=C40-2
Added Pin To Net: NetName=VSUPPLY Pin=C41-1
Added Pin To Net: NetName=GND Pin=C41-2
Added Pin To Net: NetName=VSUPPLY Pin=C42-1
Added Pin To Net: NetName=GND Pin=C42-2
Added Pin To Net: NetName=GND Pin=C43-1
Added Pin To Net: NetName=GND Pin=C44-1
Added Pin To Net: NetName=VSUPPLY Pin=C44-2
Added Pin To Net: NetName=GND Pin=C45-1
Added Pin To Net: NetName=VSUPPLY Pin=C45-2
Added Pin To Net: NetName=VSUPPLY Pin=C46-1
Added Pin To Net: NetName=GND Pin=C46-2
Added Pin To Net: NetName=VSUPPLY Pin=C47-1
Added Pin To Net: NetName=GND Pin=C47-2
Added Pin To Net: NetName=NetC48_1 Pin=C48-1
Added Pin To Net: NetName=NetC48_2 Pin=C48-2
Added Pin To Net: NetName=NetC51_1 Pin=C51-1
Added Pin To Net: NetName=NetC51_2 Pin=C51-2
Added Pin To Net: NetName=NetC52_2 Pin=C52-2
Added Pin To Net: NetName=NetC53_2 Pin=C53-2
Added Pin To Net: NetName=NetC48_2 Pin=C54-1
Added Pin To Net: NetName=NetC54_2 Pin=C54-2
Added Pin To Net: NetName=NetC51_2 Pin=C55-1
Added Pin To Net: NetName=NetC55_2 Pin=C55-2
Added Pin To Net: NetName=GND Pin=C56-1
Added Pin To Net: NetName=OUT_LOW_P Pin=C56-2
Added Pin To Net: NetName=OUT_LOW_N Pin=C57-1
Added Pin To Net: NetName=GND Pin=C57-2
Added Pin To Net: NetName=GND Pin=C58-1
Added Pin To Net: NetName=OUT_HIGH_P Pin=C58-2
Added Pin To Net: NetName=OUT_HIGH_N Pin=C59-1
Added Pin To Net: NetName=GND Pin=C59-2
Added Pin To Net: NetName=GND Pin=C60-1
Added Pin To Net: NetName=NetC60_2 Pin=C60-2
Added Pin To Net: NetName=NetC61_1 Pin=C61-1
Added Pin To Net: NetName=GND Pin=C61-2
Added Pin To Net: NetName=GND Pin=C62-1
Added Pin To Net: NetName=GND Pin=C63-2
Added Pin To Net: NetName=RED_LED Pin=D1-1
Added Pin To Net: NetName=GND Pin=J1-2
Added Pin To Net: NetName=GND Pin=J2-1
Added Pin To Net: NetName=BC127_CTS Pin=J2-2
Added Pin To Net: NetName=3V3 Pin=J2-3
Added Pin To Net: NetName=BC127_RX Pin=J2-4
Added Pin To Net: NetName=BC127_TX Pin=J2-5
Added Pin To Net: NetName=BC127_RTS Pin=J2-6
Added Pin To Net: NetName=FORWARD Pin=J3-1
Added Pin To Net: NetName=BACK Pin=J3-2
Added Pin To Net: NetName=PLAY/PAUSE Pin=J3-4
Added Pin To Net: NetName=VOL_DOWN Pin=J3-5
Added Pin To Net: NetName=VOL_UP Pin=J3-6
Added Pin To Net: NetName=GND Pin=J4-1
Added Pin To Net: NetName=OUT_LOW_P Pin=J5-1
Added Pin To Net: NetName=OUT_LOW_N Pin=J5-2
Added Pin To Net: NetName=OUT_HIGH_P Pin=J5-3
Added Pin To Net: NetName=OUT_HIGH_N Pin=J5-4
Added Pin To Net: NetName=NetC48_2 Pin=L1-1
Added Pin To Net: NetName=OUT_LOW_P Pin=L1-2
Added Pin To Net: NetName=OUT_LOW_N Pin=L2-2
Added Pin To Net: NetName=OUT_HIGH_P Pin=L3-2
Added Pin To Net: NetName=NetC51_2 Pin=L4-1
Added Pin To Net: NetName=OUT_HIGH_N Pin=L4-2
Added Pin To Net: NetName=GND Pin=Q1-4
Added Pin To Net: NetName=GND Pin=R2-1
Added Pin To Net: NetName=3V3 Pin=R3-2
Added Pin To Net: NetName=3V3 Pin=R4-2
Added Pin To Net: NetName=3V3 Pin=R5-2
Added Pin To Net: NetName=BC127_LP Pin=R6-1
Added Pin To Net: NetName=NetR6_2 Pin=R6-2
Added Pin To Net: NetName=BC127_RP Pin=R7-1
Added Pin To Net: NetName=NetR6_2 Pin=R7-2
Added Pin To Net: NetName=BC127_LN Pin=R8-1
Added Pin To Net: NetName=BC127_RN Pin=R9-1
Added Pin To Net: NetName=NetR6_2 Pin=R10-1
Added Pin To Net: NetName=NetR11_2 Pin=R11-2
Added Pin To Net: NetName=NetR11_2 Pin=R12-2
Added Pin To Net: NetName=BC127_OUT Pin=R14-2
Added Pin To Net: NetName=NetR18_2 Pin=R18-2
Added Pin To Net: NetName=GND Pin=R22-1
Added Pin To Net: NetName=CROSSOVER_IN Pin=R22-2
Added Pin To Net: NetName=CROSSOVER_IN Pin=R23-1
Added Pin To Net: NetName=NetC20_2 Pin=R24-2
Added Pin To Net: NetName=NetC19_2 Pin=R27-1
Added Pin To Net: NetName=GND Pin=R28-1
Added Pin To Net: NetName=NetC24_2 Pin=R29-1
Added Pin To Net: NetName=NetC22_1 Pin=R29-2
Added Pin To Net: NetName=NetC24_2 Pin=R30-1
Added Pin To Net: NetName=NetC23_1 Pin=R30-2
Added Pin To Net: NetName=NetC23_1 Pin=R31-1
Added Pin To Net: NetName=NetC22_2 Pin=R31-2
Added Pin To Net: NetName=NetC25_2 Pin=R32-1
Added Pin To Net: NetName=NetC24_1 Pin=R33-2
Added Pin To Net: NetName=NetC24_2 Pin=R36-2
Added Pin To Net: NetName=NetC22_2 Pin=R37-1
Added Pin To Net: NetName=GND Pin=R38-1
Added Pin To Net: NetName=GND Pin=R39-1
Added Pin To Net: NetName=GND Pin=R41-1
Added Pin To Net: NetName=GND Pin=R42-1
Added Pin To Net: NetName=NetC29_2 Pin=R43-1
Added Pin To Net: NetName=NetC31_2 Pin=R44-1
Added Pin To Net: NetName=GND Pin=R46-1
Added Pin To Net: NetName=NetC30_2 Pin=R46-2
Added Pin To Net: NetName=NetC32_2 Pin=R47-1
Added Pin To Net: NetName=GND Pin=R47-2
Added Pin To Net: NetName=GND Pin=R48-1
Added Pin To Net: NetName=GND Pin=R49-1
Added Pin To Net: NetName=GND Pin=R50-1
Added Pin To Net: NetName=GND Pin=R51-1
Added Pin To Net: NetName=MUTE Pin=R51-2
Added Pin To Net: NetName=VSUPPLY Pin=R54-2
Added Pin To Net: NetName=NetC54_2 Pin=R55-1
Added Pin To Net: NetName=GND Pin=R55-2
Added Pin To Net: NetName=NetC52_2 Pin=R56-1
Added Pin To Net: NetName=GND Pin=R56-2
Added Pin To Net: NetName=NetC53_2 Pin=R57-1
Added Pin To Net: NetName=GND Pin=R57-2
Added Pin To Net: NetName=NetC55_2 Pin=R58-1
Added Pin To Net: NetName=GND Pin=R58-2
Added Pin To Net: NetName=NetC60_2 Pin=R59-1
Added Pin To Net: NetName=OUT_LOW_P Pin=R59-2
Added Pin To Net: NetName=OUT_LOW_N Pin=R60-1
Added Pin To Net: NetName=NetC61_1 Pin=R60-2
Added Pin To Net: NetName=OUT_HIGH_P Pin=R61-2
Added Pin To Net: NetName=OUT_HIGH_N Pin=R62-1
Added Pin To Net: NetName=CROSSOVER_IN Pin=S1-1
Added Pin To Net: NetName=BC127_OUT Pin=S1-2
Added Pin To Net: NetName=GND Pin=U2-3
Added Pin To Net: NetName=GND Pin=U2-6
Added Pin To Net: NetName=GND Pin=U3-1
Added Pin To Net: NetName=GND Pin=U3-2
Added Pin To Net: NetName=GND Pin=U3-3
Added Pin To Net: NetName=GND Pin=U3-4
Added Pin To Net: NetName=GND Pin=U3-7
Added Pin To Net: NetName=GND Pin=U3-8
Added Pin To Net: NetName=GND Pin=U3-9
Added Pin To Net: NetName=GND Pin=U3-10
Added Pin To Net: NetName=GND Pin=U3-11
Added Pin To Net: NetName=BC127_LN Pin=U3-13
Added Pin To Net: NetName=BC127_LP Pin=U3-14
Added Pin To Net: NetName=BC127_RN Pin=U3-15
Added Pin To Net: NetName=BC127_RP Pin=U3-16
Added Pin To Net: NetName=GND Pin=U3-17
Added Pin To Net: NetName=GND Pin=U3-18
Added Pin To Net: NetName=GND Pin=U3-19
Added Pin To Net: NetName=GND Pin=U3-20
Added Pin To Net: NetName=GND Pin=U3-21
Added Pin To Net: NetName=GND Pin=U3-22
Added Pin To Net: NetName=VOL_UP Pin=U3-23
Added Pin To Net: NetName=VOL_DOWN Pin=U3-24
Added Pin To Net: NetName=FORWARD Pin=U3-25
Added Pin To Net: NetName=BACK Pin=U3-26
Added Pin To Net: NetName=GND Pin=U3-27
Added Pin To Net: NetName=3V3 Pin=U3-30
Added Pin To Net: NetName=3V3 Pin=U3-31
Added Pin To Net: NetName=3V3 Pin=U3-32
Added Pin To Net: NetName=3V3 Pin=U3-33
Added Pin To Net: NetName=RED_LED Pin=U3-37
Added Pin To Net: NetName=BC127_CTS Pin=U3-40
Added Pin To Net: NetName=BC127_TX Pin=U3-41
Added Pin To Net: NetName=BC127_RX Pin=U3-42
Added Pin To Net: NetName=BC127_RTS Pin=U3-43
Added Pin To Net: NetName=PLAY/PAUSE Pin=U3-50
Added Pin To Net: NetName=NetR11_2 Pin=U4-3
Added Pin To Net: NetName=VSUPPLY Pin=U4-4
Added Pin To Net: NetName=NetR18_2 Pin=U4-5
Added Pin To Net: NetName=NetC30_2 Pin=U4-10
Added Pin To Net: NetName=GND Pin=U4-11
Added Pin To Net: NetName=NetC32_2 Pin=U4-13
Added Pin To Net: NetName=NetC20_2 Pin=U5-3
Added Pin To Net: NetName=VSUPPLY Pin=U5-4
Added Pin To Net: NetName=NetC19_2 Pin=U5-6
Added Pin To Net: NetName=NetC19_2 Pin=U5-7
Added Pin To Net: NetName=GND Pin=U5-11
Added Pin To Net: NetName=NetC24_2 Pin=U5-13
Added Pin To Net: NetName=NetC22_2 Pin=U5-14
Added Pin To Net: NetName=GND Pin=U6-1
Added Pin To Net: NetName=GND Pin=U6-9
Added Pin To Net: NetName=MUTE Pin=U6-12
Added Pin To Net: NetName=GND Pin=U6-13
Added Pin To Net: NetName=GND Pin=U6-14
Added Pin To Net: NetName=GND Pin=U6-15
Added Pin To Net: NetName=VSUPPLY Pin=U6-17
Added Pin To Net: NetName=VSUPPLY Pin=U6-18
Added Pin To Net: NetName=VSUPPLY Pin=U6-19
Added Pin To Net: NetName=NetC51_1 Pin=U6-20
Added Pin To Net: NetName=NetC51_2 Pin=U6-21
Added Pin To Net: NetName=GND Pin=U6-22
Added Pin To Net: NetName=GND Pin=U6-25
Added Pin To Net: NetName=GND Pin=U6-28
Added Pin To Net: NetName=NetC48_2 Pin=U6-29
Added Pin To Net: NetName=NetC48_1 Pin=U6-30
Added Pin To Net: NetName=VSUPPLY Pin=U6-31
Added Pin To Net: NetName=VSUPPLY Pin=U6-32
Added Pin To Net: NetName=GND Pin=U6-33
Added Pin To Net: NetName=GND Pin=VR1-3
Added Pin To Net: NetName=MUTE Pin=VR1-4
Added Pin To Net: NetName=GND Pin=VR2-3
Added Pin To Net: NetName=\F\A\U\L\T\ Pin=C43-2
Added Pin To Net: NetName=\F\A\U\L\T\ Pin=R54-1
Added Pin To Net: NetName=\F\A\U\L\T\ Pin=U6-2
Added Pin To Net: NetName=\F\A\U\L\T\ Pin=U6-3
Added Pin To Net: NetName=\F\A\U\L\T\ Pin=VR2-4
Added Net: Name=\F\A\U\L\T\
Added Pin To Net: NetName=BC127_NRST Pin=R5-1
Added Pin To Net: NetName=BC127_NRST Pin=U3-44
Added Net: Name=BC127_NRST
Added Pin To Net: NetName=JACK_OUT Pin=R21-2
Added Pin To Net: NetName=JACK_OUT Pin=S1-3
Added Net: Name=JACK_OUT
Added Pin To Net: NetName=LINK Pin=J3-3
Added Pin To Net: NetName=LINK Pin=U3-51
Added Net: Name=LINK
Added Pin To Net: NetName=LR4_OUT_LOW Pin=JP1-1
Added Pin To Net: NetName=LR4_OUT_LOW Pin=JP2-3
Added Pin To Net: NetName=LR4_OUT_LOW Pin=R27-2
Added Pin To Net: NetName=LR4_OUT_LOW Pin=R28-2
Added Net: Name=LR4_OUT_LOW
Added Pin To Net: NetName=LT_IN Pin=C25-1
Added Pin To Net: NetName=LT_IN Pin=JP1-2
Added Net: Name=LT_IN
Added Pin To Net: NetName=LT_OUT Pin=JP2-1
Added Pin To Net: NetName=LT_OUT Pin=R37-2
Added Pin To Net: NetName=LT_OUT Pin=R41-2
Added Net: Name=LT_OUT
Added Pin To Net: NetName=NetC9_2 Pin=C9-2
Added Pin To Net: NetName=NetC9_2 Pin=R3-1
Added Pin To Net: NetName=NetC9_2 Pin=U3-28
Added Net: Name=NetC9_2
Added Pin To Net: NetName=NetC13_1 Pin=C13-1
Added Pin To Net: NetName=NetC13_1 Pin=R15-2
Added Pin To Net: NetName=NetC13_1 Pin=R16-2
Added Net: Name=NetC13_1
Added Pin To Net: NetName=NetC13_2 Pin=C13-2
Added Pin To Net: NetName=NetC13_2 Pin=R17-2
Added Pin To Net: NetName=NetC13_2 Pin=R18-1
Added Net: Name=NetC13_2
Added Pin To Net: NetName=NetC18_1 Pin=C18-1
Added Pin To Net: NetName=NetC18_1 Pin=R23-2
Added Pin To Net: NetName=NetC18_1 Pin=R24-1
Added Net: Name=NetC18_1
Added Pin To Net: NetName=NetC18_2 Pin=C18-2
Added Pin To Net: NetName=NetC18_2 Pin=R25-1
Added Pin To Net: NetName=NetC18_2 Pin=U5-1
Added Pin To Net: NetName=NetC18_2 Pin=U5-2
Added Net: Name=NetC18_2
Added Pin To Net: NetName=NetC19_1 Pin=C19-1
Added Pin To Net: NetName=NetC19_1 Pin=R25-2
Added Pin To Net: NetName=NetC19_1 Pin=R26-1
Added Net: Name=NetC19_1
Added Pin To Net: NetName=NetC21_2 Pin=C21-2
Added Pin To Net: NetName=NetC21_2 Pin=R26-2
Added Pin To Net: NetName=NetC21_2 Pin=U5-5
Added Net: Name=NetC21_2
Added Pin To Net: NetName=NetC26_2 Pin=C26-2
Added Pin To Net: NetName=NetC26_2 Pin=R38-2
Added Pin To Net: NetName=NetC26_2 Pin=U5-10
Added Net: Name=NetC26_2
Added Pin To Net: NetName=NetC27_1 Pin=C27-1
Added Pin To Net: NetName=NetC27_1 Pin=R34-2
Added Pin To Net: NetName=NetC27_1 Pin=R39-2
Added Net: Name=NetC27_1
Added Pin To Net: NetName=NetC27_2 Pin=C27-2
Added Pin To Net: NetName=NetC27_2 Pin=R33-1
Added Pin To Net: NetName=NetC27_2 Pin=R35-1
Added Pin To Net: NetName=NetC27_2 Pin=R40-2
Added Net: Name=NetC27_2
Added Pin To Net: NetName=NetC28_2 Pin=C28-2
Added Pin To Net: NetName=NetC28_2 Pin=R35-2
Added Pin To Net: NetName=NetC28_2 Pin=R36-1
Added Net: Name=NetC28_2
Added Pin To Net: NetName=NetC31_1 Pin=C31-1
Added Pin To Net: NetName=NetC31_1 Pin=R43-2
Added Pin To Net: NetName=NetC31_1 Pin=U4-8
Added Pin To Net: NetName=NetC31_1 Pin=U4-9
Added Net: Name=NetC31_1
Added Pin To Net: NetName=NetC33_2 Pin=C33-2
Added Pin To Net: NetName=NetC33_2 Pin=U6-4
Added Net: Name=NetC33_2
Added Pin To Net: NetName=NetC34_2 Pin=C34-2
Added Pin To Net: NetName=NetC34_2 Pin=U6-5
Added Net: Name=NetC34_2
Added Pin To Net: NetName=NetC35_2 Pin=C35-2
Added Pin To Net: NetName=NetC35_2 Pin=U6-10
Added Net: Name=NetC35_2
Added Pin To Net: NetName=NetC36_2 Pin=C36-2
Added Pin To Net: NetName=NetC36_2 Pin=U6-11
Added Net: Name=NetC36_2
Added Pin To Net: NetName=NetC37_2 Pin=C37-2
Added Pin To Net: NetName=NetC37_2 Pin=R53-1
Added Net: Name=NetC37_2
Added Pin To Net: NetName=NetC38_1 Pin=C38-1
Added Pin To Net: NetName=NetC38_1 Pin=R52-2
Added Pin To Net: NetName=NetC38_1 Pin=U6-6
Added Pin To Net: NetName=NetC38_1 Pin=U6-7
Added Net: Name=NetC38_1
Added Pin To Net: NetName=NetC49_1 Pin=C49-1
Added Pin To Net: NetName=NetC49_1 Pin=U6-26
Added Net: Name=NetC49_1
Added Pin To Net: NetName=NetC49_2 Pin=C49-2
Added Pin To Net: NetName=NetC49_2 Pin=C52-1
Added Pin To Net: NetName=NetC49_2 Pin=L2-1
Added Pin To Net: NetName=NetC49_2 Pin=U6-27
Added Net: Name=NetC49_2
Added Pin To Net: NetName=NetC50_1 Pin=C50-1
Added Pin To Net: NetName=NetC50_1 Pin=U6-24
Added Net: Name=NetC50_1
Added Pin To Net: NetName=NetC50_2 Pin=C50-2
Added Pin To Net: NetName=NetC50_2 Pin=C53-1
Added Pin To Net: NetName=NetC50_2 Pin=L3-1
Added Pin To Net: NetName=NetC50_2 Pin=U6-23
Added Net: Name=NetC50_2
Added Pin To Net: NetName=NetC62_2 Pin=C62-2
Added Pin To Net: NetName=NetC62_2 Pin=R61-1
Added Net: Name=NetC62_2
Added Pin To Net: NetName=NetC63_1 Pin=C63-1
Added Pin To Net: NetName=NetC63_1 Pin=R62-2
Added Net: Name=NetC63_1
Added Pin To Net: NetName=NetD1_2 Pin=D1-2
Added Pin To Net: NetName=NetD1_2 Pin=R4-1
Added Net: Name=NetD1_2
Added Pin To Net: NetName=NetJ4_2 Pin=J4-2
Added Pin To Net: NetName=NetJ4_2 Pin=R16-1
Added Net: Name=NetJ4_2
Added Pin To Net: NetName=NetJ4_3 Pin=J4-3
Added Pin To Net: NetName=NetJ4_3 Pin=R15-1
Added Net: Name=NetJ4_3
Added Pin To Net: NetName=NetR1_1 Pin=R1-1
Added Pin To Net: NetName=NetR1_1 Pin=R2-2
Added Pin To Net: NetName=NetR1_1 Pin=U2-4
Added Net: Name=NetR1_1
Added Pin To Net: NetName=NetR8_2 Pin=R8-2
Added Pin To Net: NetName=NetR8_2 Pin=R9-2
Added Pin To Net: NetName=NetR8_2 Pin=R11-1
Added Net: Name=NetR8_2
Added Pin To Net: NetName=NetR10_2 Pin=R10-2
Added Pin To Net: NetName=NetR10_2 Pin=R13-1
Added Pin To Net: NetName=NetR10_2 Pin=U4-2
Added Net: Name=NetR10_2
Added Pin To Net: NetName=NetR13_2 Pin=R13-2
Added Pin To Net: NetName=NetR13_2 Pin=R14-1
Added Pin To Net: NetName=NetR13_2 Pin=U4-1
Added Net: Name=NetR13_2
Added Pin To Net: NetName=NetR19_2 Pin=R19-2
Added Pin To Net: NetName=NetR19_2 Pin=R20-1
Added Pin To Net: NetName=NetR19_2 Pin=U4-6
Added Net: Name=NetR19_2
Added Pin To Net: NetName=NetR20_2 Pin=R20-2
Added Pin To Net: NetName=NetR20_2 Pin=R21-1
Added Pin To Net: NetName=NetR20_2 Pin=U4-7
Added Net: Name=NetR20_2
Added Pin To Net: NetName=NetR32_2 Pin=R32-2
Added Pin To Net: NetName=NetR32_2 Pin=R34-1
Added Pin To Net: NetName=NetR32_2 Pin=U5-8
Added Pin To Net: NetName=NetR32_2 Pin=U5-9
Added Net: Name=NetR32_2
Added Pin To Net: NetName=NetR44_2 Pin=R44-2
Added Pin To Net: NetName=NetR44_2 Pin=R45-1
Added Pin To Net: NetName=NetR44_2 Pin=U4-12
Added Pin To Net: NetName=NetR44_2 Pin=U4-14
Added Net: Name=NetR44_2
Added Pin To Net: NetName=NetR50_2 Pin=R50-2
Added Pin To Net: NetName=NetR50_2 Pin=R52-1
Added Pin To Net: NetName=NetR50_2 Pin=U6-8
Added Net: Name=NetR50_2
Added Pin To Net: NetName=NetR53_2 Pin=R53-2
Added Pin To Net: NetName=NetR53_2 Pin=U6-16
Added Net: Name=NetR53_2
Added Pin To Net: NetName=PRE_HIGH_OUT Pin=R45-2
Added Pin To Net: NetName=PRE_HIGH_OUT Pin=R48-2
Added Pin To Net: NetName=PRE_HIGH_OUT Pin=VR2-1
Added Net: Name=PRE_HIGH_OUT
Added Pin To Net: NetName=PRE_LOW_OUT Pin=JP2-2
Added Pin To Net: NetName=PRE_LOW_OUT Pin=VR1-1
Added Net: Name=PRE_LOW_OUT
Added Pin To Net: NetName=PWR_HIGH_IN Pin=C35-1
Added Pin To Net: NetName=PWR_HIGH_IN Pin=R49-2
Added Pin To Net: NetName=PWR_HIGH_IN Pin=VR2-2
Added Net: Name=PWR_HIGH_IN
Added Pin To Net: NetName=PWR_LOW_IN Pin=C33-1
Added Pin To Net: NetName=PWR_LOW_IN Pin=R42-2
Added Pin To Net: NetName=PWR_LOW_IN Pin=VR1-2
Added Net: Name=PWR_LOW_IN
Added Pin To Net: NetName=V+ Pin=C1-1
Added Pin To Net: NetName=V+ Pin=C2-2
Added Pin To Net: NetName=V+ Pin=C4-1
Added Pin To Net: NetName=V+ Pin=C5-1
Added Pin To Net: NetName=V+ Pin=C6-2
Added Pin To Net: NetName=V+ Pin=J1-1
Added Pin To Net: NetName=V+ Pin=Q1-1
Added Pin To Net: NetName=V+ Pin=Q1-3
Added Pin To Net: NetName=V+ Pin=U2-1
Added Pin To Net: NetName=V+ Pin=U2-5
Added Net: Name=V+
Added Pin To Net: NetName=VREF Pin=C7-1
Added Pin To Net: NetName=VREF Pin=JP1-3
Added Pin To Net: NetName=VREF Pin=R1-2
Added Pin To Net: NetName=VREF Pin=R12-1
Added Pin To Net: NetName=VREF Pin=R17-1
Added Pin To Net: NetName=VREF Pin=R19-1
Added Pin To Net: NetName=VREF Pin=R40-1
Added Pin To Net: NetName=VREF Pin=U2-2
Added Pin To Net: NetName=VREF Pin=U5-12
Added Net: Name=VREF
Added Class: Name=BC127
Added Class: Name=Power_Amplifier
Added Member To Class: ClassName=Power_Supply Member=Component C1 1uF
Added Member To Class: ClassName=Power_Supply Member=Component C2 0.1uF
Added Member To Class: ClassName=Power_Supply Member=Component C3 10uF
Added Member To Class: ClassName=Power_Supply Member=Component C4 1000uF
Added Member To Class: ClassName=Power_Supply Member=Component C5 1uF
Added Member To Class: ClassName=Power_Supply Member=Component C6 0.01uF
Added Member To Class: ClassName=Power_Supply Member=Component C7 10uF
Added Member To Class: ClassName=Input_Section Member=Component C10 10nF
Added Member To Class: ClassName=Input_Section Member=Component C11 0.1uF
Added Member To Class: ClassName=Input_Section Member=Component C12 1uF
Added Member To Class: ClassName=Input_Section Member=Component C13 1uF
Added Member To Class: ClassName=Input_Section Member=Component C14 0.1uF
Added Member To Class: ClassName=Filter_Section Member=Component C15 10nF
Added Member To Class: ClassName=Filter_Section Member=Component C16 0.1uF
Added Member To Class: ClassName=Filter_Section Member=Component C17 1uF
Added Member To Class: ClassName=Filter_Section Member=Component C18 4700pF
Added Member To Class: ClassName=Filter_Section Member=Component C19 4700pF
Added Member To Class: ClassName=Filter_Section Member=Component C20 2200pF
Added Member To Class: ClassName=Filter_Section Member=Component C21 2200pF
Added Member To Class: ClassName=Filter_Section Member=Component C22 0.068uF
Added Member To Class: ClassName=Filter_Section Member=Component C23 0.1uF
Added Member To Class: ClassName=Filter_Section Member=Component C24 0.068uF
Added Member To Class: ClassName=Filter_Section Member=Component C25 0.1uF
Added Member To Class: ClassName=Filter_Section Member=Component C26 0.056uF
Added Member To Class: ClassName=Filter_Section Member=Component C27 1uF
Added Member To Class: ClassName=Filter_Section Member=Component C28 0.39uF
Added Member To Class: ClassName=Filter_Section Member=Component C29 2200pF
Added Member To Class: ClassName=Filter_Section Member=Component C30 2200pF
Added Member To Class: ClassName=Filter_Section Member=Component C31 2200pF
Added Member To Class: ClassName=Filter_Section Member=Component C32 2200pF
Added Member To Class: ClassName=Power_Supply Member=Component J1 TERMINAL BLOCK 2POS
Added Member To Class: ClassName=Input_Section Member=Component J4 3.5mm Audio Jack
Added Member To Class: ClassName=Filter_Section Member=Component JP1 JUMPER 3POS THRU HOLE 2.54MM
Added Member To Class: ClassName=Filter_Section Member=Component JP2 JUMPER 3POS THRU HOLE 2.54MM
Added Member To Class: ClassName=Power_Supply Member=Component Q1 IRFR8314TRPBF
Added Member To Class: ClassName=Power_Supply Member=Component R1 11K
Added Member To Class: ClassName=Power_Supply Member=Component R2 4.02K
Added Member To Class: ClassName=Input_Section Member=Component R6 1k
Added Member To Class: ClassName=Input_Section Member=Component R7 1k
Added Member To Class: ClassName=Input_Section Member=Component R8 1k
Added Member To Class: ClassName=Input_Section Member=Component R9 1k
Added Member To Class: ClassName=Input_Section Member=Component R10 10k
Added Member To Class: ClassName=Input_Section Member=Component R11 10k
Added Member To Class: ClassName=Input_Section Member=Component R12 10k
Added Member To Class: ClassName=Input_Section Member=Component R13 10k
Added Member To Class: ClassName=Input_Section Member=Component R14 100R
Added Member To Class: ClassName=Input_Section Member=Component R15 1k
Added Member To Class: ClassName=Input_Section Member=Component R16 1k
Added Member To Class: ClassName=Input_Section Member=Component R17 100K
Added Member To Class: ClassName=Input_Section Member=Component R18 1k
Added Member To Class: ClassName=Input_Section Member=Component R19 10k
Added Member To Class: ClassName=Input_Section Member=Component R20 10k
Added Member To Class: ClassName=Input_Section Member=Component R21 100R
Added Member To Class: ClassName=Input_Section Member=Component R22 100K
Added Member To Class: ClassName=Filter_Section Member=Component R23 10k
Added Member To Class: ClassName=Filter_Section Member=Component R24 10k
Added Member To Class: ClassName=Filter_Section Member=Component R25 10k
Added Member To Class: ClassName=Filter_Section Member=Component R26 10k
Added Member To Class: ClassName=Filter_Section Member=Component R27 100R
Added Member To Class: ClassName=Filter_Section Member=Component R28 100K
Added Member To Class: ClassName=Filter_Section Member=Component R29 13k
Added Member To Class: ClassName=Filter_Section Member=Component R30 35K
Added Member To Class: ClassName=Filter_Section Member=Component R31 35K
Added Member To Class: ClassName=Filter_Section Member=Component R32 26.1K
Added Member To Class: ClassName=Filter_Section Member=Component R33 13k
Added Member To Class: ClassName=Filter_Section Member=Component R34 100R
Added Member To Class: ClassName=Filter_Section Member=Component R35 8.06K
Added Member To Class: ClassName=Filter_Section Member=Component R36 8.06K
Added Member To Class: ClassName=Filter_Section Member=Component R37 100R
Added Member To Class: ClassName=Filter_Section Member=Component R38 56.2K
Added Member To Class: ClassName=Filter_Section Member=Component R39 100K
Added Member To Class: ClassName=Filter_Section Member=Component R40 100K
Added Member To Class: ClassName=Filter_Section Member=Component R41 100K
Added Member To Class: ClassName=Filter_Section Member=Component R42 10k
Added Member To Class: ClassName=Filter_Section Member=Component R43 10k
Added Member To Class: ClassName=Filter_Section Member=Component R44 10k
Added Member To Class: ClassName=Filter_Section Member=Component R45 100R
Added Member To Class: ClassName=Filter_Section Member=Component R46 20K
Added Member To Class: ClassName=Filter_Section Member=Component R47 20K
Added Member To Class: ClassName=Filter_Section Member=Component R48 100K
Added Member To Class: ClassName=Filter_Section Member=Component R49 10k
Added Member To Class: ClassName=Input_Section Member=Component S1 SPDT Switch
Added Member To Class: ClassName=Power_Supply Member=Component U2 TPS73801DCQR
Added Member To Class: ClassName=Input_Section Member=Component U4 OPA4134UA
Added Member To Class: ClassName=Filter_Section Member=Component U5 OPA4134UA
Added Member To Class: ClassName=Filter_Section Member=Component VR1 *
Added Member To Class: ClassName=Filter_Section Member=Component VR2 *
Added Room: Name=BC127
Added Room: Name=Filter_Section
Added Room: Name=Input_Section
Added Room: Name=Power_Amplifier
Added Room: Name=Power_Supply
