Replace Part C15 CAP CER 10nF 0603 in D:\Bluetooth_Amplifier_Rev_2\Circuitry\Filter_Section.SchDoc with CAP CER 10nF 0603 from Speaker Library.SchLib
Replace Part C16 CAP CER 0.1uF 0603 in D:\Bluetooth_Amplifier_Rev_2\Circuitry\Filter_Section.SchDoc with CAP CER 0.1uF 0603 from Speaker Library.SchLib
Replace Part C17 CAP CER 1uF 0603 in D:\Bluetooth_Amplifier_Rev_2\Circuitry\Filter_Section.SchDoc with CAP CER 1uF 0603 from Speaker Library.SchLib
Replace Part C18 CAP CER 4700pF 0603 in D:\Bluetooth_Amplifier_Rev_2\Circuitry\Filter_Section.SchDoc with CAP CER 4700pF 0603 from Speaker Library.SchLib
Replace Part C19 CAP CER 4700pF 0603 in D:\Bluetooth_Amplifier_Rev_2\Circuitry\Filter_Section.SchDoc with CAP CER 4700pF 0603 from Speaker Library.SchLib
Replace Part C20 CAP CER 2200pF 0603 in D:\Bluetooth_Amplifier_Rev_2\Circuitry\Filter_Section.SchDoc with CAP CER 2200pF 0603 from Speaker Library.SchLib
Replace Part C21 CAP CER 2200pF 0603 in D:\Bluetooth_Amplifier_Rev_2\Circuitry\Filter_Section.SchDoc with CAP CER 2200pF 0603 from Speaker Library.SchLib
Replace Part C22 CAP CER 0.068uF 1206 in D:\Bluetooth_Amplifier_Rev_2\Circuitry\Filter_Section.SchDoc with CAP CER 0.068uF 1206 from Speaker Library.SchLib
Replace Part C23 CAP CER 0.1uF C0G 1206 in D:\Bluetooth_Amplifier_Rev_2\Circuitry\Filter_Section.SchDoc with CAP CER 0.1uF C0G 1206 from Speaker Library.SchLib
Replace Part C24 CAP CER 0.068uF 1206 in D:\Bluetooth_Amplifier_Rev_2\Circuitry\Filter_Section.SchDoc with CAP CER 0.068uF 1206 from Speaker Library.SchLib
Replace Part C25 CAP CER 0.1uF C0G 1206 in D:\Bluetooth_Amplifier_Rev_2\Circuitry\Filter_Section.SchDoc with CAP CER 0.1uF C0G 1206 from Speaker Library.SchLib
Replace Part C26 CAP CER 0.056uF C0G 1206 in D:\Bluetooth_Amplifier_Rev_2\Circuitry\Filter_Section.SchDoc with CAP CER 0.056uF C0G 1206 from Speaker Library.SchLib
Replace Part C27 CAP FILM 1uF RADIAL 5MM in D:\Bluetooth_Amplifier_Rev_2\Circuitry\Filter_Section.SchDoc with CAP FILM 1uF RADIAL 5MM from Speaker Library.SchLib
Replace Part C28 CAP 0.39uF Radial 5mm in D:\Bluetooth_Amplifier_Rev_2\Circuitry\Filter_Section.SchDoc with CAP 0.39uF Radial 5mm from Speaker Library.SchLib
Replace Part C29 CAP CER 2200pF 0603 in D:\Bluetooth_Amplifier_Rev_2\Circuitry\Filter_Section.SchDoc with CAP CER 2200pF 0603 from Speaker Library.SchLib
Replace Part C30 CAP CER 2200pF 0603 in D:\Bluetooth_Amplifier_Rev_2\Circuitry\Filter_Section.SchDoc with CAP CER 2200pF 0603 from Speaker Library.SchLib
Replace Part C31 CAP CER 2200pF 0603 in D:\Bluetooth_Amplifier_Rev_2\Circuitry\Filter_Section.SchDoc with CAP CER 2200pF 0603 from Speaker Library.SchLib
Replace Part C32 CAP CER 2200pF 0603 in D:\Bluetooth_Amplifier_Rev_2\Circuitry\Filter_Section.SchDoc with CAP CER 2200pF 0603 from Speaker Library.SchLib
Replace Part JP1 JUMPER 3POS THRU HOLE 2.54MM in D:\Bluetooth_Amplifier_Rev_2\Circuitry\Filter_Section.SchDoc with JUMPER 3POS THRU HOLE 2.54MM from Speaker Library.SchLib
Replace Part JP2 JUMPER 3POS THRU HOLE 2.54MM in D:\Bluetooth_Amplifier_Rev_2\Circuitry\Filter_Section.SchDoc with JUMPER 3POS THRU HOLE 2.54MM from Speaker Library.SchLib
Replace Part R23 RES 10K 0603 in D:\Bluetooth_Amplifier_Rev_2\Circuitry\Filter_Section.SchDoc with RES 10K 0603 from Speaker Library.SchLib
Replace Part R24 RES 10K 0603 in D:\Bluetooth_Amplifier_Rev_2\Circuitry\Filter_Section.SchDoc with RES 10K 0603 from Speaker Library.SchLib
Replace Part R25 RES 10K 0603 in D:\Bluetooth_Amplifier_Rev_2\Circuitry\Filter_Section.SchDoc with RES 10K 0603 from Speaker Library.SchLib
Replace Part R26 RES 10K 0603 in D:\Bluetooth_Amplifier_Rev_2\Circuitry\Filter_Section.SchDoc with RES 10K 0603 from Speaker Library.SchLib
Replace Part R27 RES 100R 0603 in D:\Bluetooth_Amplifier_Rev_2\Circuitry\Filter_Section.SchDoc with RES 100R 0603 from Speaker Library.SchLib
Replace Part R28 RES 100K 0603 in D:\Bluetooth_Amplifier_Rev_2\Circuitry\Filter_Section.SchDoc with RES 100K 0603 from Speaker Library.SchLib
Replace Part R29 RES 13K 0603 in D:\Bluetooth_Amplifier_Rev_2\Circuitry\Filter_Section.SchDoc with RES 13K 0603 from Speaker Library.SchLib
Replace Part R30 RES 35K 0603 in D:\Bluetooth_Amplifier_Rev_2\Circuitry\Filter_Section.SchDoc with RES 35K 0603 from Speaker Library.SchLib
Replace Part R31 RES 35K 0603 in D:\Bluetooth_Amplifier_Rev_2\Circuitry\Filter_Section.SchDoc with RES 35K 0603 from Speaker Library.SchLib
Replace Part R32 RES 26.1K 0603 in D:\Bluetooth_Amplifier_Rev_2\Circuitry\Filter_Section.SchDoc with RES 26.1K 0603 from Speaker Library.SchLib
Replace Part R33 RES 13K 0603 in D:\Bluetooth_Amplifier_Rev_2\Circuitry\Filter_Section.SchDoc with RES 13K 0603 from Speaker Library.SchLib
Replace Part R34 RES 100R 0603 in D:\Bluetooth_Amplifier_Rev_2\Circuitry\Filter_Section.SchDoc with RES 100R 0603 from Speaker Library.SchLib
Replace Part R35 RES 8.06K 0603 in D:\Bluetooth_Amplifier_Rev_2\Circuitry\Filter_Section.SchDoc with RES 8.06K 0603 from Speaker Library.SchLib
Replace Part R36 RES 8.06K 0603 in D:\Bluetooth_Amplifier_Rev_2\Circuitry\Filter_Section.SchDoc with RES 8.06K 0603 from Speaker Library.SchLib
Replace Part R37 RES 100R 0603 in D:\Bluetooth_Amplifier_Rev_2\Circuitry\Filter_Section.SchDoc with RES 100R 0603 from Speaker Library.SchLib
Replace Part R38 RES 56.2K 0603 in D:\Bluetooth_Amplifier_Rev_2\Circuitry\Filter_Section.SchDoc with RES 56.2K 0603 from Speaker Library.SchLib
Replace Part R39 RES 100K 0603 in D:\Bluetooth_Amplifier_Rev_2\Circuitry\Filter_Section.SchDoc with RES 100K 0603 from Speaker Library.SchLib
Replace Part R40 RES 100K 0603 in D:\Bluetooth_Amplifier_Rev_2\Circuitry\Filter_Section.SchDoc with RES 100K 0603 from Speaker Library.SchLib
Replace Part R41 RES 100K 0603 in D:\Bluetooth_Amplifier_Rev_2\Circuitry\Filter_Section.SchDoc with RES 100K 0603 from Speaker Library.SchLib
Replace Part R42 RES 10K 0603 in D:\Bluetooth_Amplifier_Rev_2\Circuitry\Filter_Section.SchDoc with RES 10K 0603 from Speaker Library.SchLib
Replace Part R43 RES 10K 0603 in D:\Bluetooth_Amplifier_Rev_2\Circuitry\Filter_Section.SchDoc with RES 10K 0603 from Speaker Library.SchLib
Replace Part R44 RES 10K 0603 in D:\Bluetooth_Amplifier_Rev_2\Circuitry\Filter_Section.SchDoc with RES 10K 0603 from Speaker Library.SchLib
Replace Part R45 RES 100R 0603 in D:\Bluetooth_Amplifier_Rev_2\Circuitry\Filter_Section.SchDoc with RES 100R 0603 from Speaker Library.SchLib
Replace Part R46 RES 20K 0603 in D:\Bluetooth_Amplifier_Rev_2\Circuitry\Filter_Section.SchDoc with RES 20K 0603 from Speaker Library.SchLib
Replace Part R47 RES 20K 0603 in D:\Bluetooth_Amplifier_Rev_2\Circuitry\Filter_Section.SchDoc with RES 20K 0603 from Speaker Library.SchLib
Replace Part R48 RES 100K 0603 in D:\Bluetooth_Amplifier_Rev_2\Circuitry\Filter_Section.SchDoc with RES 100K 0603 from Speaker Library.SchLib
Replace Part R49 RES 10K 0603 in D:\Bluetooth_Amplifier_Rev_2\Circuitry\Filter_Section.SchDoc with RES 10K 0603 from Speaker Library.SchLib
Replace Part U4 OPA4134UA in D:\Bluetooth_Amplifier_Rev_2\Circuitry\Filter_Section.SchDoc with OPA4134UA from Speaker Library.SchLib
Replace Part U4 OPA4134UA in D:\Bluetooth_Amplifier_Rev_2\Circuitry\Filter_Section.SchDoc with OPA4134UA from Speaker Library.SchLib
Replace Part U5 OPA4134UA in D:\Bluetooth_Amplifier_Rev_2\Circuitry\Filter_Section.SchDoc with OPA4134UA from Speaker Library.SchLib
Replace Part U5 OPA4134UA in D:\Bluetooth_Amplifier_Rev_2\Circuitry\Filter_Section.SchDoc with OPA4134UA from Speaker Library.SchLib
Replace Part U5 OPA4134UA in D:\Bluetooth_Amplifier_Rev_2\Circuitry\Filter_Section.SchDoc with OPA4134UA from Speaker Library.SchLib
Replace Part U5 OPA4134UA in D:\Bluetooth_Amplifier_Rev_2\Circuitry\Filter_Section.SchDoc with OPA4134UA from Speaker Library.SchLib
Replace Part VR1 Potentiometer in D:\Bluetooth_Amplifier_Rev_2\Circuitry\Filter_Section.SchDoc with Potentiometer from Speaker Library.SchLib
Replace Part VR2 Potentiometer in D:\Bluetooth_Amplifier_Rev_2\Circuitry\Filter_Section.SchDoc with Potentiometer from Speaker Library.SchLib
