Replace Part C10 CAP CER 10nF 0603 in D:\Bluetooth_Amplifier_Rev_2\Circuitry\Input_Section.SchDoc with CAP CER 10nF 0603 from Speaker Library.SchLib
Replace Part C11 CAP CER 0.1uF 0603 in D:\Bluetooth_Amplifier_Rev_2\Circuitry\Input_Section.SchDoc with CAP CER 0.1uF 0603 from Speaker Library.SchLib
Replace Part C12 CAP CER 1uF 0603 in D:\Bluetooth_Amplifier_Rev_2\Circuitry\Input_Section.SchDoc with CAP CER 1uF 0603 from Speaker Library.SchLib
Replace Part C13 CAP FILM 1uF RADIAL 5MM in D:\Bluetooth_Amplifier_Rev_2\Circuitry\Input_Section.SchDoc with CAP FILM 1uF RADIAL 5MM from Speaker Library.SchLib
Replace Part C14 CAP CER 0.1uF 0603 in D:\Bluetooth_Amplifier_Rev_2\Circuitry\Input_Section.SchDoc with CAP CER 0.1uF 0603 from Speaker Library.SchLib
Replace Part J4 3.5mm Audio Jack in D:\Bluetooth_Amplifier_Rev_2\Circuitry\Input_Section.SchDoc with 3.5mm Audio Jack from Speaker Library.SchLib
Replace Part R6 RES 1K 0603 in D:\Bluetooth_Amplifier_Rev_2\Circuitry\Input_Section.SchDoc with RES 1K 0603 from Speaker Library.SchLib
Replace Part R7 RES 1K 0603 in D:\Bluetooth_Amplifier_Rev_2\Circuitry\Input_Section.SchDoc with RES 1K 0603 from Speaker Library.SchLib
Replace Part R8 RES 1K 0603 in D:\Bluetooth_Amplifier_Rev_2\Circuitry\Input_Section.SchDoc with RES 1K 0603 from Speaker Library.SchLib
Replace Part R9 RES 1K 0603 in D:\Bluetooth_Amplifier_Rev_2\Circuitry\Input_Section.SchDoc with RES 1K 0603 from Speaker Library.SchLib
Replace Part R10 RES 10K 0603 in D:\Bluetooth_Amplifier_Rev_2\Circuitry\Input_Section.SchDoc with RES 10K 0603 from Speaker Library.SchLib
Replace Part R11 RES 10K 0603 in D:\Bluetooth_Amplifier_Rev_2\Circuitry\Input_Section.SchDoc with RES 10K 0603 from Speaker Library.SchLib
Replace Part R12 RES 10K 0603 in D:\Bluetooth_Amplifier_Rev_2\Circuitry\Input_Section.SchDoc with RES 10K 0603 from Speaker Library.SchLib
Replace Part R13 RES 10K 0603 in D:\Bluetooth_Amplifier_Rev_2\Circuitry\Input_Section.SchDoc with RES 10K 0603 from Speaker Library.SchLib
Replace Part R14 RES 100R 0603 in D:\Bluetooth_Amplifier_Rev_2\Circuitry\Input_Section.SchDoc with RES 100R 0603 from Speaker Library.SchLib
Replace Part R15 RES 1K 0603 in D:\Bluetooth_Amplifier_Rev_2\Circuitry\Input_Section.SchDoc with RES 1K 0603 from Speaker Library.SchLib
Replace Part R16 RES 1K 0603 in D:\Bluetooth_Amplifier_Rev_2\Circuitry\Input_Section.SchDoc with RES 1K 0603 from Speaker Library.SchLib
Replace Part R17 RES 100K 0603 in D:\Bluetooth_Amplifier_Rev_2\Circuitry\Input_Section.SchDoc with RES 100K 0603 from Speaker Library.SchLib
Replace Part R18 RES 1K 0603 in D:\Bluetooth_Amplifier_Rev_2\Circuitry\Input_Section.SchDoc with RES 1K 0603 from Speaker Library.SchLib
Replace Part R19 RES 10K 0603 in D:\Bluetooth_Amplifier_Rev_2\Circuitry\Input_Section.SchDoc with RES 10K 0603 from Speaker Library.SchLib
Replace Part R20 RES 10K 0603 in D:\Bluetooth_Amplifier_Rev_2\Circuitry\Input_Section.SchDoc with RES 10K 0603 from Speaker Library.SchLib
Replace Part R21 RES 100R 0603 in D:\Bluetooth_Amplifier_Rev_2\Circuitry\Input_Section.SchDoc with RES 100R 0603 from Speaker Library.SchLib
Replace Part R22 RES 100K 0603 in D:\Bluetooth_Amplifier_Rev_2\Circuitry\Input_Section.SchDoc with RES 100K 0603 from Speaker Library.SchLib
Replace Part S1 SPDT Switch in D:\Bluetooth_Amplifier_Rev_2\Circuitry\Input_Section.SchDoc with SPDT Switch from Speaker Library.SchLib
Replace Part U4 OPA4134UA in D:\Bluetooth_Amplifier_Rev_2\Circuitry\Input_Section.SchDoc with OPA4134UA from Speaker Library.SchLib
Replace Part U4 OPA4134UA in D:\Bluetooth_Amplifier_Rev_2\Circuitry\Input_Section.SchDoc with OPA4134UA from Speaker Library.SchLib
