Replace Part C33 CAP FILM 2.2uF RADIAL 7.5MM in D:\Bluetooth_Amplifier_Rev_2\Circuitry\Power_Amplifier.SchDoc with CAP FILM 2.2uF RADIAL 7.5MM from Speaker Library.SchLib
Replace Part C34 CAP FILM 2.2uF RADIAL 7.5MM in D:\Bluetooth_Amplifier_Rev_2\Circuitry\Power_Amplifier.SchDoc with CAP FILM 2.2uF RADIAL 7.5MM from Speaker Library.SchLib
Replace Part C35 CAP FILM 2.2uF RADIAL 7.5MM in D:\Bluetooth_Amplifier_Rev_2\Circuitry\Power_Amplifier.SchDoc with CAP FILM 2.2uF RADIAL 7.5MM from Speaker Library.SchLib
Replace Part C36 CAP FILM 2.2uF RADIAL 7.5MM in D:\Bluetooth_Amplifier_Rev_2\Circuitry\Power_Amplifier.SchDoc with CAP FILM 2.2uF RADIAL 7.5MM from Speaker Library.SchLib
Replace Part C37 CAP CER 47pF 0603 in D:\Bluetooth_Amplifier_Rev_2\Circuitry\Power_Amplifier.SchDoc with CAP CER 47pF 0603 from Speaker Library.SchLib
Replace Part C38 CAP CER 1uF 0603 in D:\Bluetooth_Amplifier_Rev_2\Circuitry\Power_Amplifier.SchDoc with CAP CER 1uF 0603 from Speaker Library.SchLib
Replace Part C39 CAP CER 1000pF 0603 in D:\Bluetooth_Amplifier_Rev_2\Circuitry\Power_Amplifier.SchDoc with CAP CER 1000pF 0603 from Speaker Library.SchLib
Replace Part C40 CAP CER 0.1uF 0603 in D:\Bluetooth_Amplifier_Rev_2\Circuitry\Power_Amplifier.SchDoc with CAP CER 0.1uF 0603 from Speaker Library.SchLib
Replace Part C41 CAP ALUM 47uF SMD in D:\Bluetooth_Amplifier_Rev_2\Circuitry\Power_Amplifier.SchDoc with CAP ALUM 47uF SMD from Speaker Library.SchLib
Replace Part C42 CAP ALUM 47uF SMD in D:\Bluetooth_Amplifier_Rev_2\Circuitry\Power_Amplifier.SchDoc with CAP ALUM 47uF SMD from Speaker Library.SchLib
Replace Part C43 CAP CER 1uF 0603 in D:\Bluetooth_Amplifier_Rev_2\Circuitry\Power_Amplifier.SchDoc with CAP CER 1uF 0603 from Speaker Library.SchLib
Replace Part C44 CAP CER 1000pF 0603 in D:\Bluetooth_Amplifier_Rev_2\Circuitry\Power_Amplifier.SchDoc with CAP CER 1000pF 0603 from Speaker Library.SchLib
Replace Part C45 CAP CER 0.1uF 0603 in D:\Bluetooth_Amplifier_Rev_2\Circuitry\Power_Amplifier.SchDoc with CAP CER 0.1uF 0603 from Speaker Library.SchLib
Replace Part C46 CAP ALUM 47uF SMD in D:\Bluetooth_Amplifier_Rev_2\Circuitry\Power_Amplifier.SchDoc with CAP ALUM 47uF SMD from Speaker Library.SchLib
Replace Part C47 CAP ALUM 47uF SMD in D:\Bluetooth_Amplifier_Rev_2\Circuitry\Power_Amplifier.SchDoc with CAP ALUM 47uF SMD from Speaker Library.SchLib
Replace Part C48 CAP CER 0.22uF 0603 in D:\Bluetooth_Amplifier_Rev_2\Circuitry\Power_Amplifier.SchDoc with CAP CER 0.22uF 0603 from Speaker Library.SchLib
Replace Part C49 CAP CER 0.22uF 0603 in D:\Bluetooth_Amplifier_Rev_2\Circuitry\Power_Amplifier.SchDoc with CAP CER 0.22uF 0603 from Speaker Library.SchLib
Replace Part C50 CAP CER 0.22uF 0603 in D:\Bluetooth_Amplifier_Rev_2\Circuitry\Power_Amplifier.SchDoc with CAP CER 0.22uF 0603 from Speaker Library.SchLib
Replace Part C51 CAP CER 0.22uF 0603 in D:\Bluetooth_Amplifier_Rev_2\Circuitry\Power_Amplifier.SchDoc with CAP CER 0.22uF 0603 from Speaker Library.SchLib
Replace Part C52 CAP CER 330pF 0603 in D:\Bluetooth_Amplifier_Rev_2\Circuitry\Power_Amplifier.SchDoc with CAP CER 330pF 0603 from Speaker Library.SchLib
Replace Part C53 CAP CER 330pF 0603 in D:\Bluetooth_Amplifier_Rev_2\Circuitry\Power_Amplifier.SchDoc with CAP CER 330pF 0603 from Speaker Library.SchLib
Replace Part C54 CAP CER 330pF 0603 in D:\Bluetooth_Amplifier_Rev_2\Circuitry\Power_Amplifier.SchDoc with CAP CER 330pF 0603 from Speaker Library.SchLib
Replace Part C55 CAP CER 330pF 0603 in D:\Bluetooth_Amplifier_Rev_2\Circuitry\Power_Amplifier.SchDoc with CAP CER 330pF 0603 from Speaker Library.SchLib
Replace Part C56 CAP 0.68uF Radial 5mm in D:\Bluetooth_Amplifier_Rev_2\Circuitry\Power_Amplifier.SchDoc with CAP 0.68uF Radial 5mm from Speaker Library.SchLib
Replace Part C57 CAP 0.68uF Radial 5mm in D:\Bluetooth_Amplifier_Rev_2\Circuitry\Power_Amplifier.SchDoc with CAP 0.68uF Radial 5mm from Speaker Library.SchLib
Replace Part C58 CAP 0.68uF Radial 5mm in D:\Bluetooth_Amplifier_Rev_2\Circuitry\Power_Amplifier.SchDoc with CAP 0.68uF Radial 5mm from Speaker Library.SchLib
Replace Part C59 CAP 0.68uF Radial 5mm in D:\Bluetooth_Amplifier_Rev_2\Circuitry\Power_Amplifier.SchDoc with CAP 0.68uF Radial 5mm from Speaker Library.SchLib
Replace Part C60 CAP CER 0.01uF 0603 in D:\Bluetooth_Amplifier_Rev_2\Circuitry\Power_Amplifier.SchDoc with CAP CER 0.01uF 0603 from Speaker Library.SchLib
Replace Part C61 CAP CER 0.01uF 0603 in D:\Bluetooth_Amplifier_Rev_2\Circuitry\Power_Amplifier.SchDoc with CAP CER 0.01uF 0603 from Speaker Library.SchLib
Replace Part C62 CAP CER 0.01uF 0603 in D:\Bluetooth_Amplifier_Rev_2\Circuitry\Power_Amplifier.SchDoc with CAP CER 0.01uF 0603 from Speaker Library.SchLib
Replace Part C63 CAP CER 0.01uF 0603 in D:\Bluetooth_Amplifier_Rev_2\Circuitry\Power_Amplifier.SchDoc with CAP CER 0.01uF 0603 from Speaker Library.SchLib
Replace Part J5 TERMINAL BLOCK 4POS in D:\Bluetooth_Amplifier_Rev_2\Circuitry\Power_Amplifier.SchDoc with TERMINAL BLOCK 4POS from Speaker Library.SchLib
Replace Part L1 IND 10uH 5A SMD in D:\Bluetooth_Amplifier_Rev_2\Circuitry\Power_Amplifier.SchDoc with IND 10uH 5A SMD from Speaker Library.SchLib
Replace Part L2 IND 10uH 5A SMD in D:\Bluetooth_Amplifier_Rev_2\Circuitry\Power_Amplifier.SchDoc with IND 10uH 5A SMD from Speaker Library.SchLib
Replace Part L3 IND 10uH 5A SMD in D:\Bluetooth_Amplifier_Rev_2\Circuitry\Power_Amplifier.SchDoc with IND 10uH 5A SMD from Speaker Library.SchLib
Replace Part L4 IND 10uH 5A SMD in D:\Bluetooth_Amplifier_Rev_2\Circuitry\Power_Amplifier.SchDoc with IND 10uH 5A SMD from Speaker Library.SchLib
Replace Part R50 RES 20K 0603 in D:\Bluetooth_Amplifier_Rev_2\Circuitry\Power_Amplifier.SchDoc with RES 20K 0603 from Speaker Library.SchLib
Replace Part R51 RES 100K 0603 in D:\Bluetooth_Amplifier_Rev_2\Circuitry\Power_Amplifier.SchDoc with RES 100K 0603 from Speaker Library.SchLib
Replace Part R52 RES 100K 0603 in D:\Bluetooth_Amplifier_Rev_2\Circuitry\Power_Amplifier.SchDoc with RES 100K 0603 from Speaker Library.SchLib
Replace Part R53 RES 4.7K 0603 in D:\Bluetooth_Amplifier_Rev_2\Circuitry\Power_Amplifier.SchDoc with RES 4.7K 0603 from Speaker Library.SchLib
Replace Part R54 RES 100K 0603 in D:\Bluetooth_Amplifier_Rev_2\Circuitry\Power_Amplifier.SchDoc with RES 100K 0603 from Speaker Library.SchLib
Replace Part R55 RES 10R 0805 in D:\Bluetooth_Amplifier_Rev_2\Circuitry\Power_Amplifier.SchDoc with RES 10R 0805 from Speaker Library.SchLib
Replace Part R56 RES 10R 0805 in D:\Bluetooth_Amplifier_Rev_2\Circuitry\Power_Amplifier.SchDoc with RES 10R 0805 from Speaker Library.SchLib
Replace Part R57 RES 10R 0805 in D:\Bluetooth_Amplifier_Rev_2\Circuitry\Power_Amplifier.SchDoc with RES 10R 0805 from Speaker Library.SchLib
Replace Part R58 RES 10R 0805 in D:\Bluetooth_Amplifier_Rev_2\Circuitry\Power_Amplifier.SchDoc with RES 10R 0805 from Speaker Library.SchLib
Replace Part R59 RES 3.32R 0603 in D:\Bluetooth_Amplifier_Rev_2\Circuitry\Power_Amplifier.SchDoc with RES 3.32R 0603 from Speaker Library.SchLib
Replace Part R60 RES 3.32R 0603 in D:\Bluetooth_Amplifier_Rev_2\Circuitry\Power_Amplifier.SchDoc with RES 3.32R 0603 from Speaker Library.SchLib
Replace Part R61 RES 3.32R 0603 in D:\Bluetooth_Amplifier_Rev_2\Circuitry\Power_Amplifier.SchDoc with RES 3.32R 0603 from Speaker Library.SchLib
Replace Part R62 RES 3.32R 0603 in D:\Bluetooth_Amplifier_Rev_2\Circuitry\Power_Amplifier.SchDoc with RES 3.32R 0603 from Speaker Library.SchLib
Replace Part U6 TPA3116D2 in D:\Bluetooth_Amplifier_Rev_2\Circuitry\Power_Amplifier.SchDoc with TPA3116D2 from Speaker Library.SchLib
